# Server version 0.08 running on dawsonhall-2-ap1.gw.mcgill.ca:8123
# Game ID: 49
# Board class: bohnenspiel.BohnenspielBoard
# Timeout: 1000
# First Move Timeout: 30000
# Date: Fri Apr 07 21:49:20 EDT 2017
# Player 1: Player-0, '260429466', running on dawsonhall-2-ap1.gw.mcgill.ca
# Player 2: Player-1, 'GreedyPlayer', running on dawsonhall-2-ap1.gw.mcgill.ca
START Player-0 260429466
START Player-1 GreedyPlayer
PIT 0 0
PIT 1 0
PIT 0 4
PIT 1 4
PIT 0 0
PIT 1 2
PIT 0 1
PIT 1 1
PIT 0 0
PIT 1 2
PIT 0 5
PIT 1 0
PIT 0 3
PIT 1 5
PIT 0 2
PIT 1 4
PIT 1 2
PIT 1 0
GAMEOVER WINNER 1         Player-0 score: 16  Player-1 score: 56
# Game ended: Fri Apr 07 21:49:59 EDT 2017
