# Server version 0.08 running on universityc-2-ap3.gw.mcgill.ca:8123
# Game ID: 145
# Board class: bohnenspiel.BohnenspielBoard
# Timeout: 1000
# First Move Timeout: 30000
# Date: Mon Apr 10 23:06:19 EDT 2017
# Player 1: Player-0, '260429466', running on universityc-2-ap3.gw.mcgill.ca
# Player 2: Player-1, 'GreedyPlayer', running on universityc-2-ap3.gw.mcgill.ca
START Player-0 260429466
START Player-1 GreedyPlayer
PIT 1 0
PIT 0 0
PIT 1 5
PIT 0 4
PIT 1 4
PIT 1 1
PIT 0 0
PIT 1 4
PIT 0 1
PIT 1 3
PIT 0 4
PIT 1 2
PIT 0 1
PIT 1 3
PIT 0 0
PIT 1 5
PIT 0 5
PIT 1 2
PIT 0 4
PIT 1 4
PIT 0 1
PIT 1 0
PIT 0 4
PIT 1 1
PIT 0 2
PIT 1 0
PIT 0 4
PIT 1 0
PIT 0 1
PIT 1 5
PIT 0 3
PIT 1 3
PIT 0 4
PIT 1 0
PIT 0 5
PIT 1 1
PIT 0 3
PIT 1 0
PIT 0 4
PIT 1 1
PIT 0 5
PIT 1 0
GAMEOVER WINNER 1         Player-0 score: 16  Player-1 score: 56
# Game ended: Mon Apr 10 23:06:20 EDT 2017
